<?xml version="1.0" encoding="UTF-8"?>
<testng-results ignored="0" total="1" passed="1" failed="0" skipped="0">
  <reporter-output>
  </reporter-output>
  <suite started-at="2023-02-03T12:43:57 EAT" name="Default suite" finished-at="2023-02-03T12:44:21 EAT" duration-ms="24161">
    <groups>
    </groups>
    <test started-at="2023-02-03T12:43:57 EAT" name="Default test" finished-at="2023-02-03T12:44:21 EAT" duration-ms="24161">
      <class name="testNG.OpencartScenarios">
        <test-method is-config="true" signature="setUp()[pri:0, instance:testNG.OpencartScenarios@1c93084c]" started-at="2023-02-03T12:43:57 EAT" name="setUp" finished-at="2023-02-03T12:44:00 EAT" duration-ms="2724" status="PASS">
          <reporter-output>
          </reporter-output>
        </test-method> <!-- setUp -->
        <test-method signature="actualTest()[pri:0, instance:testNG.OpencartScenarios@1c93084c]" started-at="2023-02-03T12:44:00 EAT" name="actualTest" finished-at="2023-02-03T12:44:21 EAT" duration-ms="21353" status="PASS">
          <reporter-output>
          </reporter-output>
        </test-method> <!-- actualTest -->
        <test-method is-config="true" signature="tearDown()[pri:0, instance:testNG.OpencartScenarios@1c93084c]" started-at="2023-02-03T12:44:21 EAT" name="tearDown" finished-at="2023-02-03T12:44:21 EAT" duration-ms="1" status="PASS">
          <reporter-output>
          </reporter-output>
        </test-method> <!-- tearDown -->
      </class> <!-- testNG.OpencartScenarios -->
    </test> <!-- Default test -->
  </suite> <!-- Default suite -->
</testng-results>
